mode: atomic
github.com/gopatchy/jsrest/error.go:61.40,66.2 1 40
github.com/gopatchy/jsrest/error.go:68.38,70.2 1 2
github.com/gopatchy/jsrest/error.go:76.49,80.2 1 2
github.com/gopatchy/jsrest/error.go:82.44,84.2 1 1
github.com/gopatchy/jsrest/error.go:86.46,88.2 1 7
github.com/gopatchy/jsrest/error.go:90.51,98.2 5 0
github.com/gopatchy/jsrest/error.go:100.59,103.30 2 3
github.com/gopatchy/jsrest/error.go:103.30,105.3 1 1
github.com/gopatchy/jsrest/error.go:107.2,107.28 1 2
github.com/gopatchy/jsrest/error.go:115.37,116.26 1 0
github.com/gopatchy/jsrest/error.go:116.26,118.3 1 0
github.com/gopatchy/jsrest/error.go:120.2,120.27 1 0
github.com/gopatchy/jsrest/error.go:123.37,124.26 1 0
github.com/gopatchy/jsrest/error.go:124.26,129.3 1 0
github.com/gopatchy/jsrest/error.go:131.2,131.12 1 0
github.com/gopatchy/jsrest/error.go:134.40,141.2 3 2
github.com/gopatchy/jsrest/error.go:143.44,147.16 3 0
github.com/gopatchy/jsrest/error.go:147.16,149.3 1 0
github.com/gopatchy/jsrest/error.go:151.2,151.40 1 0
github.com/gopatchy/jsrest/error.go:162.41,165.27 2 3
github.com/gopatchy/jsrest/error.go:165.27,167.3 1 1
github.com/gopatchy/jsrest/error.go:169.2,169.12 1 2
github.com/gopatchy/jsrest/error.go:172.45,173.36 1 9
github.com/gopatchy/jsrest/error.go:173.36,175.3 1 2
github.com/gopatchy/jsrest/error.go:177.2,177.42 1 9
github.com/gopatchy/jsrest/error.go:177.42,179.3 1 7
github.com/gopatchy/jsrest/error.go:181.2,181.42 1 9
github.com/gopatchy/jsrest/error.go:181.42,183.3 1 1
github.com/gopatchy/jsrest/error.go:183.8,183.48 1 8
github.com/gopatchy/jsrest/error.go:183.48,184.39 1 3
github.com/gopatchy/jsrest/error.go:184.39,186.4 1 6
github.com/gopatchy/jsrest/json.go:14.43,17.21 2 2
github.com/gopatchy/jsrest/json.go:18.10,19.14 1 0
github.com/gopatchy/jsrest/json.go:20.26,21.8 1 2
github.com/gopatchy/jsrest/json.go:23.10,24.74 1 0
github.com/gopatchy/jsrest/json.go:27.2,31.16 4 2
github.com/gopatchy/jsrest/json.go:31.16,33.3 1 0
github.com/gopatchy/jsrest/json.go:35.2,35.12 1 2
github.com/gopatchy/jsrest/json.go:38.50,47.16 6 0
github.com/gopatchy/jsrest/json.go:47.16,49.3 1 0
github.com/gopatchy/jsrest/json.go:51.2,51.12 1 0
github.com/gopatchy/jsrest/json.go:54.70,61.16 5 0
github.com/gopatchy/jsrest/json.go:61.16,63.3 1 0
github.com/gopatchy/jsrest/json.go:65.2,65.12 1 0
